<?xml version="1.0" encoding="UTF-8"?>
<testsuite name="TestSuite" time="58.169" tests="3" errors="0" skipped="0" failures="0">
  <properties>
    <property name="JOB_NAME" value="AddJobTest/com.w2a:PageObjectModelBasics"/>
    <property name="java.vendor" value="Oracle Corporation"/>
    <property name="sun.java.launcher" value="SUN_STANDARD"/>
    <property name="NUMBER_OF_PROCESSORS" value="8"/>
    <property name="sun.management.compiler" value="HotSpot 64-Bit Tiered Compilers"/>
    <property name="JENKINS_HOME" value="C:\Program Files (x86)\Jenkins"/>
    <property name="HUDSON_SERVER_COOKIE" value="b43a7ca421aeab2b"/>
    <property name="os.name" value="Windows 10"/>
    <property name="EXECUTOR_NUMBER" value="1"/>
    <property name="PATHEXT" value=".COM;.EXE;.BAT;.CMD;.VBS;.VBE;.JS;.JSE;.WSF;.WSH;.MSC"/>
    <property name="java.vm.specification.vendor" value="Oracle Corporation"/>
    <property name="TEMP" value="C:\WINDOWS\TEMP"/>
    <property name="NODE_LABELS" value="master"/>
    <property name="java.runtime.version" value="13.0.1+9"/>
    <property name="WINSW_SERVICE_ID" value="Jenkins"/>
    <property name="user.name" value="DESKTOP-JEO1H8P$"/>
    <property name="guice.disable.misplaced.annotation.check" value="true"/>
    <property name="CommonProgramW6432" value="C:\Program Files\Common Files"/>
    <property name="ProgramFiles" value="C:\Program Files (x86)"/>
    <property name="user.language" value="en"/>
    <property name="JOB_BASE_NAME" value="com.w2a:PageObjectModelBasics"/>
    <property name="RUN_CHANGES_DISPLAY_URL" value="http://localhost:8080/job/AddJobTest/com.w2a$PageObjectModelBasics/2/display/redirect?page=changes"/>
    <property name="BUILD_DISPLAY_NAME" value="#2"/>
    <property name="sun.boot.library.path" value="C:\Program Files\Java\jdk-13.0.1\bin"/>
    <property name="java.vm.compressedOopsMode" value="32-bit"/>
    <property name="LOCALAPPDATA" value="C:\WINDOWS\system32\config\systemprofile\AppData\Local"/>
    <property name="java.version" value="13.0.1"/>
    <property name="user.timezone" value="Asia/Calcutta"/>
    <property name="PROCESSOR_LEVEL" value="6"/>
    <property name="USERNAME" value="DESKTOP-JEO1H8P$"/>
    <property name="sun.arch.data.model" value="64"/>
    <property name="PROCESSOR_ARCHITEW6432" value="AMD64"/>
    <property name="NODE_NAME" value="master"/>
    <property name="BUILD_ID" value="2"/>
    <property name="sun.cpu.isalist" value="amd64"/>
    <property name="sun.jnu.encoding" value="Cp1252"/>
    <property name="maven.conf" value="C:\Users\Admin\Downloads\apache-maven-3.6.2-bin\apache-maven-3.6.2\conf"/>
    <property name="file.separator" value="\"/>
    <property name="java.specification.name" value="Java Platform API Specification"/>
    <property name="java.class.version" value="57.0"/>
    <property name="org.slf4j.simpleLogger.defaultLogLevel" value="info"/>
    <property name="user.country" value="IN"/>
    <property name="ALLUSERSPROFILE" value="C:\ProgramData"/>
    <property name="java.home" value="C:\Program Files\Java\jdk-13.0.1"/>
    <property name="java.vm.info" value="mixed mode, sharing"/>
    <property name="os.version" value="10.0"/>
    <property name="RUN_DISPLAY_URL" value="http://localhost:8080/job/AddJobTest/com.w2a$PageObjectModelBasics/2/display/redirect"/>
    <property name="TMP" value="C:\WINDOWS\TEMP"/>
    <property name="path.separator" value=";"/>
    <property name="java.vm.version" value="13.0.1+9"/>
    <property name="user.variant" value=""/>
    <property name="CommonProgramFiles(x86)" value="C:\Program Files (x86)\Common Files"/>
    <property name="JOB_DISPLAY_URL" value="http://localhost:8080/job/AddJobTest/com.w2a$PageObjectModelBasics/display/redirect"/>
    <property name="CommonProgramFiles" value="C:\Program Files (x86)\Common Files"/>
    <property name="JAVA_HOME" value="C:\Program Files\Java\jdk-13.0.1"/>
    <property name="sun.io.unicode.encoding" value="UnicodeLittle"/>
    <property name="ComSpec" value="C:\WINDOWS\system32\cmd.exe"/>
    <property name="SERVICE_ID" value="Jenkins"/>
    <property name="COMPUTERNAME" value="DESKTOP-JEO1H8P"/>
    <property name="user.script" value=""/>
    <property name="user.home" value="C:\WINDOWS\system32\config\systemprofile"/>
    <property name="PUBLIC" value="C:\Users\Public"/>
    <property name="BUILD_TAG" value="jenkins-AddJobTest-com.w2a:PageObjectModelBasics-2"/>
    <property name="JENKINS_SERVER_COOKIE" value="b43a7ca421aeab2b"/>
    <property name="HUDSON_URL" value="http://localhost:8080/"/>
    <property name="ProgramData" value="C:\ProgramData"/>
    <property name="java.version.date" value="2019-10-15"/>
    <property name="java.specification.vendor" value="Oracle Corporation"/>
    <property name="USERPROFILE" value="C:\WINDOWS\system32\config\systemprofile"/>
    <property name="CLASSPATH" value=""/>
    <property name="java.library.path" value="C:\Program Files\Java\jdk-13.0.1\bin;C:\WINDOWS\Sun\Java\bin;C:\WINDOWS\system32;C:\WINDOWS;C:\Users\Admin\Downloads\apache-maven-3.6.2-bin\apache-maven-3.6.2/bin;C:\Program Files\Java\jdk-13.0.1/bin;C:\Program Files\Java\jdk-13.0.1/bin;C:\WINDOWS\system32;C:\WINDOWS;C:\WINDOWS\System32\Wbem;C:\WINDOWS\System32\WindowsPowerShell\v1.0\;C:\WINDOWS\System32\OpenSSH\;C:\app\Admin\product\18.0.0\dbhomeXE\bin;C:\Program Files (x86)\Common Files\Oracle\Java\javapath;C:\Users\Admin\Downloads\apache-maven-3.6.2-bin\apache-maven-3.6.2\bin;C:\WINDOWS\system32\config\systemprofile\AppData\Local\Microsoft\WindowsApps;."/>
    <property name="java.vendor.url" value="https://java.oracle.com/"/>
    <property name="hudson.build.number" value="2"/>
    <property name="APPDATA" value="C:\WINDOWS\system32\config\systemprofile\AppData\Roaming"/>
    <property name="java.vm.vendor" value="Oracle Corporation"/>
    <property name="java.runtime.name" value="Java(TM) SE Runtime Environment"/>
    <property name="maven.home" value="C:\Users\Admin\Downloads\apache-maven-3.6.2-bin\apache-maven-3.6.2"/>
    <property name="sun.java.command" value="jenkins.maven3.agent.Maven35Main C:\Users\Admin\Downloads\apache-maven-3.6.2-bin\apache-maven-3.6.2 C:\Program Files (x86)\Jenkins\war\WEB-INF\lib\remoting-3.36.jar C:\Program Files (x86)\Jenkins\plugins\maven-plugin\WEB-INF\lib\maven35-interceptor-1.13.jar C:\Program Files (x86)\Jenkins\plugins\maven-plugin\WEB-INF\lib\maven3-interceptor-commons-1.13.jar 53241"/>
    <property name="java.class.path" value="C:\Program Files (x86)\Jenkins\plugins\maven-plugin\WEB-INF\lib\maven35-agent-1.13.jar;C:\Users\Admin\Downloads\apache-maven-3.6.2-bin\apache-maven-3.6.2\boot\plexus-classworlds-2.6.0.jar;C:\Users\Admin\Downloads\apache-maven-3.6.2-bin\apache-maven-3.6.2/conf/logging"/>
    <property name="Path" value="C:\Program Files\Java\jdk-13.0.1/bin;C:\WINDOWS\system32;C:\WINDOWS;C:\WINDOWS\System32\Wbem;C:\WINDOWS\System32\WindowsPowerShell\v1.0\;C:\WINDOWS\System32\OpenSSH\;C:\app\Admin\product\18.0.0\dbhomeXE\bin;C:\Program Files (x86)\Common Files\Oracle\Java\javapath;C:\Users\Admin\Downloads\apache-maven-3.6.2-bin\apache-maven-3.6.2\bin;C:\WINDOWS\system32\config\systemprofile\AppData\Local\Microsoft\WindowsApps"/>
    <property name="jdk.debug" value="release"/>
    <property name="java.vm.specification.name" value="Java Virtual Machine Specification"/>
    <property name="PROCESSOR_ARCHITECTURE" value="x86"/>
    <property name="PATH+JDK" value="C:\Program Files\Java\jdk-13.0.1/bin"/>
    <property name="PROCESSOR_IDENTIFIER" value="Intel64 Family 6 Model 142 Stepping 12, GenuineIntel"/>
    <property name="java.vm.specification.version" value="13"/>
    <property name="M2_HOME" value="C:\Users\Admin\Downloads\apache-maven-3.6.2-bin\apache-maven-3.6.2"/>
    <property name="sun.cpu.endian" value="little"/>
    <property name="sun.os.patch.level" value=""/>
    <property name="OS" value="Windows_NT"/>
    <property name="java.io.tmpdir" value="C:\WINDOWS\TEMP\"/>
    <property name="HUDSON_HOME" value="C:\Program Files (x86)\Jenkins"/>
    <property name="PATH+MAVEN" value="C:\Users\Admin\Downloads\apache-maven-3.6.2-bin\apache-maven-3.6.2/bin"/>
    <property name="ProgramFiles(x86)" value="C:\Program Files (x86)"/>
    <property name="java.vendor.url.bug" value="https://bugreport.java.com/bugreport/"/>
    <property name="BUILD_URL" value="http://localhost:8080/job/AddJobTest/com.w2a$PageObjectModelBasics/2/"/>
    <property name="SystemRoot" value="C:\WINDOWS"/>
    <property name="os.arch" value="amd64"/>
    <property name="user.dir" value="C:\Program Files (x86)\Jenkins"/>
    <property name="JOB_URL" value="http://localhost:8080/job/AddJobTest/com.w2a$PageObjectModelBasics/"/>
    <property name="USERDOMAIN" value="WORKGROUP"/>
    <property name="MAVEN_HOME" value="C:\Users\Admin\Downloads\apache-maven-3.6.2-bin\apache-maven-3.6.2"/>
    <property name="line.separator" value="&#10;"/>
    <property name="java.vm.name" value="Java HotSpot(TM) 64-Bit Server VM"/>
    <property name="BASE" value="C:\Program Files (x86)\Jenkins"/>
    <property name="BUILD_NUMBER" value="2"/>
    <property name="PROCESSOR_REVISION" value="8e0c"/>
    <property name="JENKINS_URL" value="http://localhost:8080/"/>
    <property name="ProgramW6432" value="C:\Program Files"/>
    <property name="windir" value="C:\WINDOWS"/>
    <property name="file.encoding" value="Cp1252"/>
    <property name="SystemDrive" value="C:"/>
    <property name="maven3.interceptor" value="C:\Program Files (x86)\Jenkins\plugins\maven-plugin\WEB-INF\lib\maven35-interceptor-1.13.jar"/>
    <property name="WORKSPACE" value="C:\Users\Admin\Downloads\ATS_PROD_REGRESSION"/>
    <property name="maven3.interceptor.common" value="C:\Program Files (x86)\Jenkins\plugins\maven-plugin\WEB-INF\lib\maven3-interceptor-commons-1.13.jar"/>
    <property name="WINSW_EXECUTABLE" value="C:\Program Files (x86)\Jenkins\jenkins.exe"/>
    <property name="PSModulePath" value="C:\Program Files\WindowsPowerShell\Modules;C:\WINDOWS\system32\WindowsPowerShell\v1.0\Modules"/>
    <property name="java.specification.version" value="13"/>
    <property name="DriverData" value="C:\Windows\System32\Drivers\DriverData"/>
  </properties>
  <testcase name="loginTest" classname="com.w2a.testcases.LoginTest" time="16.988"/>
  <testcase name="openAddJobPageTest" classname="com.w2a.testcases.AddJobTest" time="0.791"/>
  <testcase name="AddJobInfoTest" classname="com.w2a.testcases.AddJobTest" time="40.39"/>
</testsuite>