<?xml version="1.0" encoding="UTF-8"?>
<!-- Generated by org.testng.reporters.JUnitReportReporter -->
<testsuite hostname="talentmshpc1" failures="0" tests="1" name="com.w2a.testcases.CreateAccountTest" time="0.000" errors="0" timestamp="19 Jul 2019 09:26:48 GMT" skipped="1">
  <testcase classname="com.w2a.testcases.CreateAccountTest" name="createAccountTest" time="0.000">
    <skipped/>
  </testcase> <!-- createAccountTest -->
</testsuite> <!-- com.w2a.testcases.CreateAccountTest -->
