<?xml version="1.0" encoding="UTF-8"?>
<!-- Generated by org.testng.reporters.JUnitReportReporter -->
<testsuite hostname="DESKTOP-JEO1H8P" failures="0" tests="1" name="com.w2a.testcases.LoginTest" time="16.371" errors="0" timestamp="21 Nov 2019 14:10:28 GMT" skipped="0">
  <testcase classname="com.w2a.testcases.LoginTest" name="loginTest" time="16.371"/>
</testsuite> <!-- com.w2a.testcases.LoginTest -->
