<?xml version="1.0" encoding="UTF-8"?>
<!-- Generated by org.testng.reporters.JUnitReportReporter -->
<testsuite hostname="DESKTOP-JEO1H8P" failures="0" tests="2" name="com.w2a.testcases.AddJobTest" time="40.400" errors="0" timestamp="21 Nov 2019 14:10:28 GMT" skipped="0">
  <testcase classname="com.w2a.testcases.AddJobTest" name="openAddJobPageTest" time="0.419"/>
  <testcase classname="com.w2a.testcases.AddJobTest" name="AddJobInfoTest" time="39.981"/>
</testsuite> <!-- com.w2a.testcases.AddJobTest -->
